\BOOKMARK [0][-]{init.0}{P\341gina de Rosto}{}
\BOOKMARK [0][-]{contents.0}{Conte\372do}{}
\BOOKMARK [0][-]{figures.0}{Lista de Figuras}{}
\BOOKMARK [0][-]{tables.0}{Lista de Tabelas}{}
\BOOKMARK [0][-]{abbrevs.0}{Abreviaturas e S\355mbolos}{}
\BOOKMARK [0][-]{chapter.1}{1 Introdu\347\343o}{}
\BOOKMARK [1][-]{section.1.1}{1.1 Enquadramento}{chapter.1}
\BOOKMARK [1][-]{section.1.2}{1.2 Projeto}{chapter.1}
\BOOKMARK [1][-]{section.1.3}{1.3 Motiva\347\343o e Objetivos}{chapter.1}
\BOOKMARK [1][-]{section.1.4}{1.4 Estrutura da Disserta\347\343o}{chapter.1}
\BOOKMARK [0][-]{chapter.2}{2 Revis\343o Bibliogr\341fica}{}
\BOOKMARK [1][-]{section.2.1}{2.1 Introdu\347\343o}{chapter.2}
\BOOKMARK [1][-]{section.2.2}{2.2 Sensores de Profundidade}{chapter.2}
\BOOKMARK [2][-]{subsection.2.2.1}{2.2.1 Time of Flight Camera}{section.2.2}
\BOOKMARK [2][-]{subsection.2.2.2}{2.2.2 LIDAR}{section.2.2}
\BOOKMARK [2][-]{subsection.2.2.3}{2.2.3 Kinect}{section.2.2}
\BOOKMARK [1][-]{section.2.3}{2.3 T\351cnicas de Reconhecimento de Objetos}{chapter.2}
\BOOKMARK [2][-]{subsection.2.3.1}{2.3.1 SIFT}{section.2.3}
\BOOKMARK [2][-]{subsection.2.3.2}{2.3.2 SURF}{section.2.3}
\BOOKMARK [2][-]{subsection.2.3.3}{2.3.3 Geometric Hashing}{section.2.3}
\BOOKMARK [2][-]{subsection.2.3.4}{2.3.4 RANSAC}{section.2.3}
\BOOKMARK [2][-]{subsection.2.3.5}{2.3.5 PCL}{section.2.3}
\BOOKMARK [1][-]{section.2.4}{2.4 Algoritmos de Clustering}{chapter.2}
\BOOKMARK [2][-]{subsection.2.4.1}{2.4.1 Clustering por Vizinhan\347a Euclideana}{section.2.4}
\BOOKMARK [1][-]{section.2.5}{2.5 Demonstradores de Rob\363tica Aut\363noma}{chapter.2}
\BOOKMARK [2][-]{subsection.2.5.1}{2.5.1 DARPA: Grand Challenge}{section.2.5}
\BOOKMARK [2][-]{subsection.2.5.2}{2.5.2 Micro Rato}{section.2.5}
\BOOKMARK [2][-]{subsection.2.5.3}{2.5.3 Festival Nacional de Rob\363tica}{section.2.5}
\BOOKMARK [2][-]{subsection.2.5.4}{2.5.4 MINERVA}{section.2.5}
\BOOKMARK [2][-]{subsection.2.5.5}{2.5.5 CleanRob}{section.2.5}
\BOOKMARK [1][-]{section.2.6}{2.6 Resumo}{chapter.2}
\BOOKMARK [0][-]{chapter.3}{3 Descri\347\343o do Problema}{}
\BOOKMARK [1][-]{section.3.1}{3.1 Reconhecimento de Objetos}{chapter.3}
\BOOKMARK [2][-]{subsection.3.1.1}{3.1.1 Reconhecimento de Objetos Simples}{section.3.1}
\BOOKMARK [2][-]{subsection.3.1.2}{3.1.2 Reconhecimento de Objetos Complexos}{section.3.1}
\BOOKMARK [1][-]{section.3.2}{3.2 Resumo e Conclus\365es}{chapter.3}
\BOOKMARK [0][-]{chapter.4}{4 Implementa\347\343o}{}
\BOOKMARK [1][-]{section.4.1}{4.1 Captura de Imagens 3D para an\341lise }{chapter.4}
\BOOKMARK [1][-]{section.4.2}{4.2 Estudo de Precis\343o do Kinect}{chapter.4}
\BOOKMARK [1][-]{section.4.3}{4.3 Implementa\347\343o da Dete\347\343o}{chapter.4}
\BOOKMARK [2][-]{subsection.4.3.1}{4.3.1 Pr\351 Processamento}{section.4.3}
\BOOKMARK [2][-]{subsection.4.3.2}{4.3.2 Dete\347\343o de Mesas}{section.4.3}
\BOOKMARK [1][-]{section.4.4}{4.4 Resultados Obtidos}{chapter.4}
\BOOKMARK [2][-]{subsection.4.4.1}{4.4.1 Identifica\347\343o}{section.4.4}
\BOOKMARK [2][-]{subsection.4.4.2}{4.4.2 Tempos de Processamento}{section.4.4}
\BOOKMARK [0][-]{chapter.5}{5 Conclus\365es e Trabalho Futuro}{}
\BOOKMARK [1][-]{section.5.1}{5.1 Trabalho Futuro}{chapter.5}
\BOOKMARK [0][-]{section*.47}{Refer\352ncias}{}
