This is pdfTeX, Version 3.1415926-1.40.10 (TeX Live 2009/Debian) (format=pdflatex 2012.6.4)  26 JUL 2012 10:39
entering extended mode
 %&-line parsing enabled.
**mieic.tex mieic.pdf
(./mieic.tex
LaTeX2e <2009/09/24>
Babel <v3.8l> and hyphenation patterns for english, usenglishmax, dumylang, noh
yphenation, farsi, arabic, croatian, bulgarian, ukrainian, russian, czech, slov
ak, danish, dutch, finnish, french, basque, ngerman, german, german-x-2009-06-1
9, ngerman-x-2009-06-19, ibycus, monogreek, greek, ancientgreek, hungarian, san
skrit, italian, latin, latvian, lithuanian, mongolian2a, mongolian, bokmal, nyn
orsk, romanian, irish, coptic, serbian, turkish, welsh, esperanto, uppersorbian
, estonian, indonesian, interlingua, icelandic, kurmanji, slovenian, polish, po
rtuguese, spanish, galician, catalan, swedish, ukenglish, pinyin, loaded.
(/usr/share/texmf-texlive/tex/latex/base/report.cls
Document Class: report 2007/10/19 v1.4h Standard LaTeX document class
(/usr/share/texmf-texlive/tex/latex/base/size11.clo
File: size11.clo 2007/10/19 v1.4h Standard LaTeX file (size option)
)
\c@part=\count79
\c@chapter=\count80
\c@section=\count81
\c@subsection=\count82
\c@subsubsection=\count83
\c@paragraph=\count84
\c@subparagraph=\count85
\c@figure=\count86
\c@table=\count87
\abovecaptionskip=\skip41
\belowcaptionskip=\skip42
\bibindent=\dimen102
)
(/usr/share/texmf-texlive/tex/latex/base/inputenc.sty
Package: inputenc 2008/03/30 v1.1d Input encoding file
\inpenc@prehook=\toks14
\inpenc@posthook=\toks15

(/usr/share/texmf-texlive/tex/latex/base/utf8.def
File: utf8.def 2008/04/05 v1.1m UTF-8 support for inputenc
Now handling font encoding OML ...
... no UTF-8 mapping file for font encoding OML
Now handling font encoding T1 ...
... processing UTF-8 mapping file for font encoding T1

(/usr/share/texmf-texlive/tex/latex/base/t1enc.dfu
File: t1enc.dfu 2008/04/05 v1.1m UTF-8 support for inputenc
   defining Unicode char U+00A1 (decimal 161)
   defining Unicode char U+00A3 (decimal 163)
   defining Unicode char U+00AB (decimal 171)
   defining Unicode char U+00BB (decimal 187)
   defining Unicode char U+00BF (decimal 191)
   defining Unicode char U+00C0 (decimal 192)
   defining Unicode char U+00C1 (decimal 193)
   defining Unicode char U+00C2 (decimal 194)
   defining Unicode char U+00C3 (decimal 195)
   defining Unicode char U+00C4 (decimal 196)
   defining Unicode char U+00C5 (decimal 197)
   defining Unicode char U+00C6 (decimal 198)
   defining Unicode char U+00C7 (decimal 199)
   defining Unicode char U+00C8 (decimal 200)
   defining Unicode char U+00C9 (decimal 201)
   defining Unicode char U+00CA (decimal 202)
   defining Unicode char U+00CB (decimal 203)
   defining Unicode char U+00CC (decimal 204)
   defining Unicode char U+00CD (decimal 205)
   defining Unicode char U+00CE (decimal 206)
   defining Unicode char U+00CF (decimal 207)
   defining Unicode char U+00D0 (decimal 208)
   defining Unicode char U+00D1 (decimal 209)
   defining Unicode char U+00D2 (decimal 210)
   defining Unicode char U+00D3 (decimal 211)
   defining Unicode char U+00D4 (decimal 212)
   defining Unicode char U+00D5 (decimal 213)
   defining Unicode char U+00D6 (decimal 214)
   defining Unicode char U+00D8 (decimal 216)
   defining Unicode char U+00D9 (decimal 217)
   defining Unicode char U+00DA (decimal 218)
   defining Unicode char U+00DB (decimal 219)
   defining Unicode char U+00DC (decimal 220)
   defining Unicode char U+00DD (decimal 221)
   defining Unicode char U+00DE (decimal 222)
   defining Unicode char U+00DF (decimal 223)
   defining Unicode char U+00E0 (decimal 224)
   defining Unicode char U+00E1 (decimal 225)
   defining Unicode char U+00E2 (decimal 226)
   defining Unicode char U+00E3 (decimal 227)
   defining Unicode char U+00E4 (decimal 228)
   defining Unicode char U+00E5 (decimal 229)
   defining Unicode char U+00E6 (decimal 230)
   defining Unicode char U+00E7 (decimal 231)
   defining Unicode char U+00E8 (decimal 232)
   defining Unicode char U+00E9 (decimal 233)
   defining Unicode char U+00EA (decimal 234)
   defining Unicode char U+00EB (decimal 235)
   defining Unicode char U+00EC (decimal 236)
   defining Unicode char U+00ED (decimal 237)
   defining Unicode char U+00EE (decimal 238)
   defining Unicode char U+00EF (decimal 239)
   defining Unicode char U+00F0 (decimal 240)
   defining Unicode char U+00F1 (decimal 241)
   defining Unicode char U+00F2 (decimal 242)
   defining Unicode char U+00F3 (decimal 243)
   defining Unicode char U+00F4 (decimal 244)
   defining Unicode char U+00F5 (decimal 245)
   defining Unicode char U+00F6 (decimal 246)
   defining Unicode char U+00F8 (decimal 248)
   defining Unicode char U+00F9 (decimal 249)
   defining Unicode char U+00FA (decimal 250)
   defining Unicode char U+00FB (decimal 251)
   defining Unicode char U+00FC (decimal 252)
   defining Unicode char U+00FD (decimal 253)
   defining Unicode char U+00FE (decimal 254)
   defining Unicode char U+00FF (decimal 255)
   defining Unicode char U+0102 (decimal 258)
   defining Unicode char U+0103 (decimal 259)
   defining Unicode char U+0104 (decimal 260)
   defining Unicode char U+0105 (decimal 261)
   defining Unicode char U+0106 (decimal 262)
   defining Unicode char U+0107 (decimal 263)
   defining Unicode char U+010C (decimal 268)
   defining Unicode char U+010D (decimal 269)
   defining Unicode char U+010E (decimal 270)
   defining Unicode char U+010F (decimal 271)
   defining Unicode char U+0110 (decimal 272)
   defining Unicode char U+0111 (decimal 273)
   defining Unicode char U+0118 (decimal 280)
   defining Unicode char U+0119 (decimal 281)
   defining Unicode char U+011A (decimal 282)
   defining Unicode char U+011B (decimal 283)
   defining Unicode char U+011E (decimal 286)
   defining Unicode char U+011F (decimal 287)
   defining Unicode char U+0130 (decimal 304)
   defining Unicode char U+0131 (decimal 305)
   defining Unicode char U+0132 (decimal 306)
   defining Unicode char U+0133 (decimal 307)
   defining Unicode char U+0139 (decimal 313)
   defining Unicode char U+013A (decimal 314)
   defining Unicode char U+013D (decimal 317)
   defining Unicode char U+013E (decimal 318)
   defining Unicode char U+0141 (decimal 321)
   defining Unicode char U+0142 (decimal 322)
   defining Unicode char U+0143 (decimal 323)
   defining Unicode char U+0144 (decimal 324)
   defining Unicode char U+0147 (decimal 327)
   defining Unicode char U+0148 (decimal 328)
   defining Unicode char U+014A (decimal 330)
   defining Unicode char U+014B (decimal 331)
   defining Unicode char U+0150 (decimal 336)
   defining Unicode char U+0151 (decimal 337)
   defining Unicode char U+0152 (decimal 338)
   defining Unicode char U+0153 (decimal 339)
   defining Unicode char U+0154 (decimal 340)
   defining Unicode char U+0155 (decimal 341)
   defining Unicode char U+0158 (decimal 344)
   defining Unicode char U+0159 (decimal 345)
   defining Unicode char U+015A (decimal 346)
   defining Unicode char U+015B (decimal 347)
   defining Unicode char U+015E (decimal 350)
   defining Unicode char U+015F (decimal 351)
   defining Unicode char U+0160 (decimal 352)
   defining Unicode char U+0161 (decimal 353)
   defining Unicode char U+0162 (decimal 354)
   defining Unicode char U+0163 (decimal 355)
   defining Unicode char U+0164 (decimal 356)
   defining Unicode char U+0165 (decimal 357)
   defining Unicode char U+016E (decimal 366)
   defining Unicode char U+016F (decimal 367)
   defining Unicode char U+0170 (decimal 368)
   defining Unicode char U+0171 (decimal 369)
   defining Unicode char U+0178 (decimal 376)
   defining Unicode char U+0179 (decimal 377)
   defining Unicode char U+017A (decimal 378)
   defining Unicode char U+017B (decimal 379)
   defining Unicode char U+017C (decimal 380)
   defining Unicode char U+017D (decimal 381)
   defining Unicode char U+017E (decimal 382)
   defining Unicode char U+200C (decimal 8204)
   defining Unicode char U+2013 (decimal 8211)
   defining Unicode char U+2014 (decimal 8212)
   defining Unicode char U+2018 (decimal 8216)
   defining Unicode char U+2019 (decimal 8217)
   defining Unicode char U+201A (decimal 8218)
   defining Unicode char U+201C (decimal 8220)
   defining Unicode char U+201D (decimal 8221)
   defining Unicode char U+201E (decimal 8222)
   defining Unicode char U+2030 (decimal 8240)
   defining Unicode char U+2031 (decimal 8241)
   defining Unicode char U+2039 (decimal 8249)
   defining Unicode char U+203A (decimal 8250)
   defining Unicode char U+2423 (decimal 9251)
)
Now handling font encoding OT1 ...
... processing UTF-8 mapping file for font encoding OT1

(/usr/share/texmf-texlive/tex/latex/base/ot1enc.dfu
File: ot1enc.dfu 2008/04/05 v1.1m UTF-8 support for inputenc
   defining Unicode char U+00A1 (decimal 161)
   defining Unicode char U+00A3 (decimal 163)
   defining Unicode char U+00B8 (decimal 184)
   defining Unicode char U+00BF (decimal 191)
   defining Unicode char U+00C5 (decimal 197)
   defining Unicode char U+00C6 (decimal 198)
   defining Unicode char U+00D8 (decimal 216)
   defining Unicode char U+00DF (decimal 223)
   defining Unicode char U+00E6 (decimal 230)
   defining Unicode char U+00EC (decimal 236)
   defining Unicode char U+00ED (decimal 237)
   defining Unicode char U+00EE (decimal 238)
   defining Unicode char U+00EF (decimal 239)
   defining Unicode char U+00F8 (decimal 248)
   defining Unicode char U+0131 (decimal 305)
   defining Unicode char U+0141 (decimal 321)
   defining Unicode char U+0142 (decimal 322)
   defining Unicode char U+0152 (decimal 338)
   defining Unicode char U+0153 (decimal 339)
   defining Unicode char U+2013 (decimal 8211)
   defining Unicode char U+2014 (decimal 8212)
   defining Unicode char U+2018 (decimal 8216)
   defining Unicode char U+2019 (decimal 8217)
   defining Unicode char U+201C (decimal 8220)
   defining Unicode char U+201D (decimal 8221)
)
Now handling font encoding OMS ...
... processing UTF-8 mapping file for font encoding OMS

(/usr/share/texmf-texlive/tex/latex/base/omsenc.dfu
File: omsenc.dfu 2008/04/05 v1.1m UTF-8 support for inputenc
   defining Unicode char U+00A7 (decimal 167)
   defining Unicode char U+00B6 (decimal 182)
   defining Unicode char U+00B7 (decimal 183)
   defining Unicode char U+2020 (decimal 8224)
   defining Unicode char U+2021 (decimal 8225)
   defining Unicode char U+2022 (decimal 8226)
)
Now handling font encoding OMX ...
... no UTF-8 mapping file for font encoding OMX
Now handling font encoding U ...
... no UTF-8 mapping file for font encoding U
   defining Unicode char U+00A9 (decimal 169)
   defining Unicode char U+00AA (decimal 170)
   defining Unicode char U+00AE (decimal 174)
   defining Unicode char U+00BA (decimal 186)
   defining Unicode char U+02C6 (decimal 710)
   defining Unicode char U+02DC (decimal 732)
   defining Unicode char U+200C (decimal 8204)
   defining Unicode char U+2026 (decimal 8230)
   defining Unicode char U+2122 (decimal 8482)
   defining Unicode char U+2423 (decimal 9251)
))
(/var/lib/texmf/tex/generic/babel/babel.sty
Package: babel 2008/07/06 v3.8l The Babel package

(/usr/share/texmf-texlive/tex/generic/babel/portuges.ldf
Language: portuges 2008/03/18 v1.2q Portuguese support from the babel system

(/usr/share/texmf-texlive/tex/generic/babel/babel.def
File: babel.def 2008/07/06 v3.8l Babel common definitions
\babel@savecnt=\count88
\U@D=\dimen103
)
Package babel Info: Making " an active character on input line 145.
)) (./feupteses.sty
Package: feupteses 2009/09/04 0.9f 

Document Style `FEUP Teses' 0.9f <2009/09/04>
(/usr/share/texmf-texlive/tex/generic/oberdiek/ifpdf.sty
Package: ifpdf 2009/04/10 v2.0 Provides the ifpdf switch (HO)
Package ifpdf Info: pdfTeX in pdf mode detected.
)
(/usr/share/texmf-texlive/tex/latex/base/fontenc.sty
Package: fontenc 2005/09/27 v1.99g Standard LaTeX package

(/usr/share/texmf-texlive/tex/latex/base/t1enc.def
File: t1enc.def 2005/09/27 v1.99g Standard LaTeX file
LaTeX Font Info:    Redeclaring font encoding T1 on input line 43.
))
(/usr/share/texmf-texlive/tex/latex/geometry/geometry.sty
Package: geometry 2008/12/21 v4.2 Page Geometry

(/usr/share/texmf-texlive/tex/latex/graphics/keyval.sty
Package: keyval 1999/03/16 v1.13 key=value parser (DPC)
\KV@toks@=\toks16
)
(/usr/share/texmf-texlive/tex/generic/oberdiek/ifvtex.sty
Package: ifvtex 2008/11/04 v1.4 Switches for detecting VTeX and its modes (HO)
Package ifvtex Info: VTeX not detected.
)
\Gm@cnth=\count89
\Gm@cntv=\count90
\c@Gm@tempcnt=\count91
\Gm@bindingoffset=\dimen104
\Gm@wd@mp=\dimen105
\Gm@odd@mp=\dimen106
\Gm@even@mp=\dimen107
\Gm@dimlist=\toks17

(/usr/share/texmf-texlive/tex/xelatex/xetexconfig/geometry.cfg))
(/usr/share/texmf-texlive/tex/latex/psnfss/mathptmx.sty
Package: mathptmx 2005/04/12 PSNFSS-v9.2a Times w/ Math, improved (SPQR, WaS) 
LaTeX Font Info:    Redeclaring symbol font `operators' on input line 28.
LaTeX Font Info:    Overwriting symbol font `operators' in version `normal'
(Font)                  OT1/cmr/m/n --> OT1/ztmcm/m/n on input line 28.
LaTeX Font Info:    Overwriting symbol font `operators' in version `bold'
(Font)                  OT1/cmr/bx/n --> OT1/ztmcm/m/n on input line 28.
LaTeX Font Info:    Redeclaring symbol font `letters' on input line 29.
LaTeX Font Info:    Overwriting symbol font `letters' in version `normal'
(Font)                  OML/cmm/m/it --> OML/ztmcm/m/it on input line 29.
LaTeX Font Info:    Overwriting symbol font `letters' in version `bold'
(Font)                  OML/cmm/b/it --> OML/ztmcm/m/it on input line 29.
LaTeX Font Info:    Redeclaring symbol font `symbols' on input line 30.
LaTeX Font Info:    Overwriting symbol font `symbols' in version `normal'
(Font)                  OMS/cmsy/m/n --> OMS/ztmcm/m/n on input line 30.
LaTeX Font Info:    Overwriting symbol font `symbols' in version `bold'
(Font)                  OMS/cmsy/b/n --> OMS/ztmcm/m/n on input line 30.
LaTeX Font Info:    Redeclaring symbol font `largesymbols' on input line 31.
LaTeX Font Info:    Overwriting symbol font `largesymbols' in version `normal'
(Font)                  OMX/cmex/m/n --> OMX/ztmcm/m/n on input line 31.
LaTeX Font Info:    Overwriting symbol font `largesymbols' in version `bold'
(Font)                  OMX/cmex/m/n --> OMX/ztmcm/m/n on input line 31.
\symbold=\mathgroup4
\symitalic=\mathgroup5
LaTeX Font Info:    Redeclaring math alphabet \mathbf on input line 34.
LaTeX Font Info:    Overwriting math alphabet `\mathbf' in version `normal'
(Font)                  OT1/cmr/bx/n --> OT1/ptm/bx/n on input line 34.
LaTeX Font Info:    Overwriting math alphabet `\mathbf' in version `bold'
(Font)                  OT1/cmr/bx/n --> OT1/ptm/bx/n on input line 34.
LaTeX Font Info:    Redeclaring math alphabet \mathit on input line 35.
LaTeX Font Info:    Overwriting math alphabet `\mathit' in version `normal'
(Font)                  OT1/cmr/m/it --> OT1/ptm/m/it on input line 35.
LaTeX Font Info:    Overwriting math alphabet `\mathit' in version `bold'
(Font)                  OT1/cmr/bx/it --> OT1/ptm/m/it on input line 35.
LaTeX Info: Redefining \hbar on input line 50.
)
(/usr/share/texmf-texlive/tex/latex/courier-scaled/couriers.sty
Package: couriers 2004/07/10 Scaled Courier (HS) 
)
(/usr/share/texmf-texlive/tex/latex/psnfss/helvet.sty
Package: helvet 2005/04/12 PSNFSS-v9.2a (WaS) 
)
(/usr/share/texmf-texlive/tex/latex/graphics/graphicx.sty
Package: graphicx 1999/02/16 v1.0f Enhanced LaTeX Graphics (DPC,SPQR)

(/usr/share/texmf-texlive/tex/latex/graphics/graphics.sty
Package: graphics 2009/02/05 v1.0o Standard LaTeX Graphics (DPC,SPQR)

(/usr/share/texmf-texlive/tex/latex/graphics/trig.sty
Package: trig 1999/03/16 v1.09 sin cos tan (DPC)
)
(/etc/texmf/tex/latex/config/graphics.cfg
File: graphics.cfg 2009/08/28 v1.8 graphics configuration of TeX Live
)
Package graphics Info: Driver file: pdftex.def on input line 91.

(/usr/share/texmf-texlive/tex/latex/pdftex-def/pdftex.def
File: pdftex.def 2010/03/12 v0.04p Graphics/color for pdfTeX
\Gread@gobject=\count92
))
\Gin@req@height=\dimen108
\Gin@req@width=\dimen109
)
(/usr/share/texmf-texlive/tex/latex/ltxmisc/url.sty
\Urlmuskip=\muskip10
Package: url 2006/04/12  ver 3.3  Verb mode for urls, etc.
)
(/usr/share/texmf-texlive/tex/latex/setspace/setspace.sty
Package: setspace 2000/12/01 6.7 Contributed and Supported LaTeX2e package

Package: `setspace' 6.7 <2000/12/01>
) (/usr/share/texmf-texlive/tex/latex/base/makeidx.sty
Package: makeidx 2000/03/29 v1.0m Standard LaTeX package
)
(/usr/share/texmf-texlive/tex/latex/caption/caption.sty
Package: caption 2009/10/09 v3.1k Customizing captions (AR)

(/usr/share/texmf-texlive/tex/latex/caption/caption3.sty
Package: caption3 2009/10/09 v3.1k caption3 kernel (AR)
\captionmargin=\dimen110
\captionmargin@=\dimen111
\captionwidth=\dimen112
\caption@indent=\dimen113
\caption@parindent=\dimen114
\caption@hangindent=\dimen115
)
\c@ContinuedFloat=\count93
)
\@vivatext=\box26
\@supervisorstext=\box27

(/usr/share/texmf-texlive/tex/latex/fancyhdr/fancyhdr.sty
\fancy@headwidth=\skip43
\f@ncyO@elh=\skip44
\f@ncyO@erh=\skip45
\f@ncyO@olh=\skip46
\f@ncyO@orh=\skip47
\f@ncyO@elf=\skip48
\f@ncyO@erf=\skip49
\f@ncyO@olf=\skip50
\f@ncyO@orf=\skip51
)
(/usr/share/texmf-texlive/tex/latex/hyperref/hyperref.sty
Package: hyperref 2009/10/09 v6.79a Hypertext links for LaTeX

(/usr/share/texmf-texlive/tex/generic/ifxetex/ifxetex.sty
Package: ifxetex 2009/01/23 v0.5 Provides ifxetex conditional
)
(/usr/share/texmf-texlive/tex/latex/oberdiek/hycolor.sty
Package: hycolor 2009/10/02 v1.5 Code for color options of hyperref/bookmark (H
O)

(/usr/share/texmf-texlive/tex/latex/oberdiek/xcolor-patch.sty
Package: xcolor-patch 2009/10/02 xcolor patch
))
\@linkdim=\dimen116
\Hy@linkcounter=\count94
\Hy@pagecounter=\count95

(/usr/share/texmf-texlive/tex/latex/hyperref/pd1enc.def
File: pd1enc.def 2009/10/09 v6.79a Hyperref: PDFDocEncoding definition (HO)
Now handling font encoding PD1 ...
... no UTF-8 mapping file for font encoding PD1
)
(/usr/share/texmf-texlive/tex/generic/oberdiek/etexcmds.sty
Package: etexcmds 2007/12/12 v1.2 Prefix for e-TeX command names (HO)

(/usr/share/texmf-texlive/tex/generic/oberdiek/infwarerr.sty
Package: infwarerr 2007/09/09 v1.2 Providing info/warning/message (HO)
)
Package etexcmds Info: Could not find \expanded.
(etexcmds)             That can mean that you are not using pdfTeX 1.50 or
(etexcmds)             that some package has redefined \expanded.
(etexcmds)             In the latter case, load this package earlier.
)
(/usr/share/texmf-texlive/tex/latex/latexconfig/hyperref.cfg
File: hyperref.cfg 2002/06/06 v1.2 hyperref configuration of TeXLive
)
(/usr/share/texmf-texlive/tex/latex/oberdiek/kvoptions.sty
Package: kvoptions 2009/08/13 v3.4 Keyval support for LaTeX options (HO)

(/usr/share/texmf-texlive/tex/generic/oberdiek/kvsetkeys.sty
Package: kvsetkeys 2009/07/30 v1.5 Key value parser with default handler suppor
t (HO)
))
Package hyperref Info: Option `pdfpagelabels' set `true' on input line 2864.
Package hyperref Info: Option `bookmarks' set `true' on input line 2864.
Package hyperref Info: Option `hyperindex' set `true' on input line 2864.
Package hyperref Info: Option `hyperfigures' set `true' on input line 2864.
Package hyperref Info: Hyper figures ON on input line 2973.
Package hyperref Info: Link nesting OFF on input line 2980.
Package hyperref Info: Hyper index ON on input line 2983.
Package hyperref Info: Plain pages OFF on input line 2990.
Package hyperref Info: Backreferencing OFF on input line 2995.

Implicit mode ON; LaTeX internals redefined
Package hyperref Info: Bookmarks ON on input line 3191.
LaTeX Info: Redefining \url on input line 3428.
(/usr/share/texmf-texlive/tex/generic/oberdiek/bitset.sty
Package: bitset 2007/09/28 v1.0 Data type bit set (HO)

(/usr/share/texmf-texlive/tex/generic/oberdiek/intcalc.sty
Package: intcalc 2007/09/27 v1.1 Expandable integer calculations (HO)
)
(/usr/share/texmf-texlive/tex/generic/oberdiek/bigintcalc.sty
Package: bigintcalc 2007/11/11 v1.1 Expandable big integer calculations (HO)

(/usr/share/texmf-texlive/tex/generic/oberdiek/pdftexcmds.sty
Package: pdftexcmds 2009/09/23 v0.6 LuaTeX support for pdfTeX utility functions
 (HO)

(/usr/share/texmf-texlive/tex/generic/oberdiek/ifluatex.sty
Package: ifluatex 2009/04/17 v1.2 Provides the ifluatex switch (HO)
Package ifluatex Info: LuaTeX not detected.
)
(/usr/share/texmf-texlive/tex/generic/oberdiek/ltxcmds.sty
Package: ltxcmds 2009/08/05 v1.0 Some LaTeX kernel commands for general use (HO
)
)
Package pdftexcmds Info: LuaTeX not detected.
Package pdftexcmds Info: \pdf@primitive is available.
Package pdftexcmds Info: \pdf@ifprimitive is available.
)))
\Fld@menulength=\count96
\Field@Width=\dimen117
\Fld@charsize=\dimen118
\Field@toks=\toks18
Package hyperref Info: Hyper figures ON on input line 4375.
Package hyperref Info: Link nesting OFF on input line 4382.
Package hyperref Info: Hyper index ON on input line 4385.
Package hyperref Info: backreferencing OFF on input line 4392.
Package hyperref Info: Link coloring OFF on input line 4397.
Package hyperref Info: Link coloring with OCG OFF on input line 4402.
Package hyperref Info: PDF/A mode OFF on input line 4407.

(/usr/share/texmf-texlive/tex/generic/oberdiek/atbegshi.sty
Package: atbegshi 2008/07/31 v1.9 At begin shipout hook (HO)
)
\Hy@abspage=\count97
\c@Item=\count98
\c@Hfootnote=\count99
)
*hyperref using driver hpdftex*
(/usr/share/texmf-texlive/tex/latex/hyperref/hpdftex.def
File: hpdftex.def 2009/10/09 v6.79a Hyperref driver for pdfTeX
\Fld@listcount=\count100
)
Package hyperref Info: Option `plainpages' set `false' on input line 355.
Package hyperref Info: Option `bookmarksopen' set `false' on input line 355.
Package hyperref Info: Option `bookmarksnumbered' set `true' on input line 355.

Package hyperref Info: Option `breaklinks' set `true' on input line 355.
Package hyperref Info: Option `linktocpage' set `true' on input line 355.
Package hyperref Info: Option `colorlinks' set `true' on input line 355.

(/usr/share/texmf-texlive/tex/latex/tools/indentfirst.sty
Package: indentfirst 1995/11/23 v1.03 Indent first paragraph (DPC)
))
(/usr/share/texmf-texlive/tex/latex/placeins/placeins.sty
Package: placeins 2005/04/18  v 2.2
)
(/usr/share/texmf-texlive/tex/latex/amsmath/amsmath.sty
Package: amsmath 2000/07/18 v2.13 AMS math features
\@mathmargin=\skip52

For additional information on amsmath, use the `?' option.
(/usr/share/texmf-texlive/tex/latex/amsmath/amstext.sty
Package: amstext 2000/06/29 v2.01

(/usr/share/texmf-texlive/tex/latex/amsmath/amsgen.sty
File: amsgen.sty 1999/11/30 v2.0
\@emptytoks=\toks19
\ex@=\dimen119
))
(/usr/share/texmf-texlive/tex/latex/amsmath/amsbsy.sty
Package: amsbsy 1999/11/29 v1.2d
\pmbraise@=\dimen120
)
(/usr/share/texmf-texlive/tex/latex/amsmath/amsopn.sty
Package: amsopn 1999/12/14 v2.01 operator names
)
\inf@bad=\count101
LaTeX Info: Redefining \frac on input line 211.
\uproot@=\count102
\leftroot@=\count103
LaTeX Info: Redefining \overline on input line 307.
\classnum@=\count104
\DOTSCASE@=\count105
LaTeX Info: Redefining \ldots on input line 379.
LaTeX Info: Redefining \dots on input line 382.
LaTeX Info: Redefining \cdots on input line 467.
\Mathstrutbox@=\box28
\strutbox@=\box29
\big@size=\dimen121
LaTeX Font Info:    Redeclaring font encoding OML on input line 567.
LaTeX Font Info:    Redeclaring font encoding OMS on input line 568.
\macc@depth=\count106
\c@MaxMatrixCols=\count107
\dotsspace@=\muskip11
\c@parentequation=\count108
\dspbrk@lvl=\count109
\tag@help=\toks20
\row@=\count110
\column@=\count111
\maxfields@=\count112
\andhelp@=\toks21
\eqnshift@=\dimen122
\alignsep@=\dimen123
\tagshift@=\dimen124
\tagwidth@=\dimen125
\totwidth@=\dimen126
\lineht@=\dimen127
\@envbody=\toks22
\multlinegap=\skip53
\multlinetaggap=\skip54
\mathdisplay@stack=\toks23
LaTeX Info: Redefining \[ on input line 2666.
LaTeX Info: Redefining \] on input line 2667.
) (./mieicpatch.sty)
\@indexfile=\write3
\openout3 = `mieic.idx'.


Writing index file mieic.idx
\@input{mymacros.aux}
\openout2 = `mymacros.aux'.

(./mymacros.tex) (./mieic.aux (./abstract.aux) (./abbrevs.aux) (./chapter1.aux)
(./chapter2.aux) (./chapter3.aux) (./chapter4.aux) (./chapter5.aux))
\openout1 = `mieic.aux'.

LaTeX Font Info:    Checking defaults for OML/cmm/m/it on input line 79.
LaTeX Font Info:    ... okay on input line 79.
LaTeX Font Info:    Checking defaults for T1/cmr/m/n on input line 79.
LaTeX Font Info:    ... okay on input line 79.
LaTeX Font Info:    Checking defaults for OT1/cmr/m/n on input line 79.
LaTeX Font Info:    ... okay on input line 79.
LaTeX Font Info:    Checking defaults for OMS/cmsy/m/n on input line 79.
LaTeX Font Info:    ... okay on input line 79.
LaTeX Font Info:    Checking defaults for OMX/cmex/m/n on input line 79.
LaTeX Font Info:    ... okay on input line 79.
LaTeX Font Info:    Checking defaults for U/cmr/m/n on input line 79.
LaTeX Font Info:    ... okay on input line 79.
LaTeX Font Info:    Checking defaults for PD1/pdf/m/n on input line 79.
LaTeX Font Info:    ... okay on input line 79.
LaTeX Font Info:    Try loading font information for T1+ptm on input line 79.

(/usr/share/texmf-texlive/tex/latex/psnfss/t1ptm.fd
File: t1ptm.fd 2001/06/04 font definitions for T1/ptm.
)
*geometry auto-detecting driver*
*geometry detected driver: pdftex*
-------------------- Geometry parameters
paper: a4paper
landscape: --
twocolumn: --
twoside: true
asymmetric: --
h-parts: 99.58464pt, 426.79135pt, 71.13188pt
v-parts: 56.9055pt, 731.23584pt, 56.9055pt
hmarginratio: --
vmarginratio: --
lines: --
heightrounded: --
bindingoffset: 0.0pt
truedimen: --
includehead: true
includefoot: true
includemp: --
driver: pdftex
-------------------- Page layout dimensions and switches
\paperwidth  597.50787pt
\paperheight 845.04684pt
\textwidth  426.79135pt
\textheight 661.23584pt
\oddsidemargin  27.31465pt
\evensidemargin -1.1381pt
\topmargin  -15.36449pt
\headheight 15.5pt
\headsep    25.0pt
\footskip   30.0pt
\marginparwidth 103.0pt
\marginparsep   10.0pt
\columnsep  10.0pt
\skip\footins  10.0pt plus 4.0pt minus 2.0pt
\hoffset 0.0pt
\voffset 0.0pt
\mag 1000
\@twosidetrue \@mparswitchtrue 
(1in=72.27pt, 1cm=28.45pt)
-----------------------
(/usr/share/texmf-texlive/tex/context/base/supp-pdf.mkii
[Loading MPS to PDF converter (version 2006.09.02).]
\scratchcounter=\count113
\scratchdimen=\dimen128
\scratchbox=\box30
\nofMPsegments=\count114
\nofMParguments=\count115
\everyMPshowfont=\toks24
\MPscratchCnt=\count116
\MPscratchDim=\dimen129
\MPnumerator=\count117
\everyMPtoPDFconversion=\toks25
)
Package caption Info: Begin \AtBeginDocument code.
Package caption Info: hyperref package is loaded.
Package caption Info: End \AtBeginDocument code.
 (/usr/share/texmf-texlive/tex/latex/graphics/color.sty
Package: color 2005/11/14 v1.0j Standard LaTeX Color (DPC)

(/etc/texmf/tex/latex/config/color.cfg
File: color.cfg 2007/01/18 v1.5 color configuration of teTeX/TeXLive
)
Package color Info: Driver file: pdftex.def on input line 130.
)
Package hyperref Info: Link coloring ON on input line 79.

(/usr/share/texmf-texlive/tex/latex/hyperref/nameref.sty
Package: nameref 2007/05/29 v2.31 Cross-referencing by name of section

(/usr/share/texmf-texlive/tex/latex/oberdiek/refcount.sty
Package: refcount 2008/08/11 v3.1 Data extraction from references (HO)
)
\c@section@level=\count118
)
LaTeX Info: Redefining \ref on input line 79.
LaTeX Info: Redefining \pageref on input line 79.
 (./mieic.out)
(./mieic.out)
\@outlinefile=\write4
\openout4 = `mieic.out'.

\AtBeginShipoutBox=\box31
\@crestbox=\box32
LaTeX Font Info:    Font shape `T1/ptm/bx/n' in size <14.4> not available
(Font)              Font shape `T1/ptm/b/n' tried instead on input line 114.
LaTeX Font Info:    Font shape `T1/ptm/bx/sc' in size <14.4> not available
(Font)              Font shape `T1/ptm/b/sc' tried instead on input line 114.
 <figures/feup-logo.png, id=195, 155.58125pt x 200.75pt>
File: figures/feup-logo.png Graphic file (type png)

<use figures/feup-logo.png>
LaTeX Font Info:    Font shape `T1/ptm/bx/n' in size <24.88> not available
(Font)              Font shape `T1/ptm/b/n' tried instead on input line 114.
 [-3




{/var/lib/texmf/fonts/map/pdftex/updmap/pdftex.map} <./figures/feup-logo.png>] 
[-2



]
LaTeX Font Info:    Font shape `T1/ptm/bx/n' in size <17.28> not available
(Font)              Font shape `T1/ptm/b/n' tried instead on input line 116.
 [-1] [0

]
\openout2 = `abstract.aux'.

 (./abstract.tex [1


] [2

]) [3]
[4


] (./mieic.toc
LaTeX Font Info:    Font shape `T1/ptm/bx/n' in size <12> not available
(Font)              Font shape `T1/ptm/b/n' tried instead on input line 2.
LaTeX Font Info:    Try loading font information for OT1+ztmcm on input line 3.

 (/usr/share/texmf-texlive/tex/latex/psnfss/ot1ztmcm.fd
File: ot1ztmcm.fd 2000/01/03 Fontinst v1.801 font definitions for OT1/ztmcm.
)
LaTeX Font Info:    Try loading font information for OML+ztmcm on input line 3.


(/usr/share/texmf-texlive/tex/latex/psnfss/omlztmcm.fd
File: omlztmcm.fd 2000/01/03 Fontinst v1.801 font definitions for OML/ztmcm.
)
LaTeX Font Info:    Try loading font information for OMS+ztmcm on input line 3.


(/usr/share/texmf-texlive/tex/latex/psnfss/omsztmcm.fd
File: omsztmcm.fd 2000/01/03 Fontinst v1.801 font definitions for OMS/ztmcm.
)
LaTeX Font Info:    Try loading font information for OMX+ztmcm on input line 3.


(/usr/share/texmf-texlive/tex/latex/psnfss/omxztmcm.fd
File: omxztmcm.fd 2000/01/03 Fontinst v1.801 font definitions for OMX/ztmcm.
)
LaTeX Font Info:    Try loading font information for OT1+ptm on input line 3.

(/usr/share/texmf-texlive/tex/latex/psnfss/ot1ptm.fd
File: ot1ptm.fd 2001/06/04 font definitions for OT1/ptm.
)
LaTeX Font Info:    Font shape `OT1/ptm/bx/n' in size <12> not available
(Font)              Font shape `OT1/ptm/b/n' tried instead on input line 3.
LaTeX Font Info:    Font shape `OT1/ptm/bx/n' in size <9> not available
(Font)              Font shape `OT1/ptm/b/n' tried instead on input line 3.
LaTeX Font Info:    Font shape `OT1/ptm/bx/n' in size <7> not available
(Font)              Font shape `OT1/ptm/b/n' tried instead on input line 3.
 [5

])
\tf@toc=\write5
\openout5 = `mieic.toc'.

 [6] (./mieic.lof)
\tf@lof=\write6
\openout6 = `mieic.lof'.


[7


] [8] (./mieic.lot)
\tf@lot=\write7
\openout7 = `mieic.lot'.

 [9


] [10

]
\openout2 = `abbrevs.aux'.

 (./abbrevs.tex
Overfull \hbox (7.64244pt too wide) in paragraph at lines 5--12
[]  
 []

) [11


] [12


]
\openout2 = `chapter1.aux'.

 (./chapter1.tex
Cap\'{\i }tulo 1.
LaTeX Font Info:    Font shape `T1/ptm/bx/n' in size <20.74> not available
(Font)              Font shape `T1/ptm/b/n' tried instead on input line 1.

Underfull \vbox (badness 10000) has occurred while \output is active []

 [1


])
[2]
\openout2 = `chapter2.aux'.

 (./chapter2.tex
Cap\'{\i }tulo 2.

Underfull \vbox (badness 1028) has occurred while \output is active []

 [3



]
<./figures/Kinect.png, id=441, 1053.1847pt x 576.65437pt>
File: ./figures/Kinect.png Graphic file (type png)

<use ./figures/Kinect.png>

Package caption Warning: The option `hypcap=true' will be ignored for this
(caption)                particular \caption on input line 39.
See the caption package documentation for explanation.

[4 <./figures/Kinect.png (PNG copy)>]
<figures/sift_img.png, id=451, 265.99374pt x 237.88875pt>
File: figures/sift_img.png Graphic file (type png)

<use figures/sift_img.png>

Package caption Warning: The option `hypcap=true' will be ignored for this
(caption)                particular \caption on input line 73.
See the caption package documentation for explanation.


Underfull \vbox (badness 10000) has occurred while \output is active []

 [5]
[6 <./figures/sift_img.png (PNG copy)>]
<figures/least_squares_vs_ransac.png, id=477, 371.13657pt x 414.79968pt>
File: figures/least_squares_vs_ransac.png Graphic file (type png)

<use figures/least_squares_vs_ransac.png>

Package caption Warning: The option `hypcap=true' will be ignored for this
(caption)                particular \caption on input line 112.
See the caption package documentation for explanation.

<figures/least_squares_shortcomings.png, id=480, 1074.0125pt x 584.1825pt>
File: figures/least_squares_shortcomings.png Graphic file (type png)

<use figures/least_squares_shortcomings.png>

Package caption Warning: The option `hypcap=true' will be ignored for this
(caption)                particular \caption on input line 120.
See the caption package documentation for explanation.

[7 <./figures/least_squares_vs_ransac.png>]
<figures/pcl_openni.png, id=492, 910.40125pt x 563.10374pt>
File: figures/pcl_openni.png Graphic file (type png)

<use figures/pcl_openni.png>

Package caption Warning: The option `hypcap=true' will be ignored for this
(caption)                particular \caption on input line 134.
See the caption package documentation for explanation.


Underfull \vbox (badness 10000) has occurred while \output is active []

 [8 <./figures/least_squares_shortcomings.png (PNG copy)>]
<figures/pcl_color.png, id=498, 910.40125pt x 563.10374pt>
File: figures/pcl_color.png Graphic file (type png)

<use figures/pcl_color.png>

Package caption Warning: The option `hypcap=true' will be ignored for this
(caption)                particular \caption on input line 141.
See the caption package documentation for explanation.

[9 <./figures/pcl_openni.png (PNG copy)> <./figures/pcl_color.png (PNG copy)>]
<./figures/boss_sensors.png, id=506, 444.91219pt x 212.29312pt>
File: ./figures/boss_sensors.png Graphic file (type png)

<use ./figures/boss_sensors.png>

Package caption Warning: The option `hypcap=true' will be ignored for this
(caption)                particular \caption on input line 178.
See the caption package documentation for explanation.

LaTeX Font Info:    Font shape `OT1/ptm/bx/n' in size <10.95> not available
(Font)              Font shape `OT1/ptm/b/n' tried instead on input line 178.
LaTeX Font Info:    Font shape `OT1/ptm/bx/n' in size <8> not available
(Font)              Font shape `OT1/ptm/b/n' tried instead on input line 178.
LaTeX Font Info:    Font shape `OT1/ptm/bx/n' in size <6> not available
(Font)              Font shape `OT1/ptm/b/n' tried instead on input line 178.
[10] [11 <./figures/boss_sensors.png (PNG copy)>]
LaTeX Font Info:    Try loading font information for OMS+ptm on input line 218.


(/usr/share/texmf-texlive/tex/latex/psnfss/omsptm.fd
File: omsptm.fd 
)
LaTeX Font Info:    Font shape `OMS/ptm/m/n' in size <12> not available
(Font)              Font shape `OMS/cmsy/m/n' tried instead on input line 218.

<./figures/ca_pista.png, id=519, 1090.0725pt x 442.65375pt>
File: ./figures/ca_pista.png Graphic file (type png)

<use ./figures/ca_pista.png>

Package caption Warning: The option `hypcap=true' will be ignored for this
(caption)                particular \caption on input line 235.
See the caption package documentation for explanation.

[12 <./figures/ca_pista.png>]
<./figures/minerva.png, id=525, 222.8325pt x 388.45125pt>
File: ./figures/minerva.png Graphic file (type png)

<use ./figures/minerva.png>

Package caption Warning: The option `hypcap=true' will be ignored for this
(caption)                particular \caption on input line 250.
See the caption package documentation for explanation.

<./figures/clean_rob.jpg, id=526, 423.5825pt x 433.62pt>
File: ./figures/clean_rob.jpg Graphic file (type jpg)

<use ./figures/clean_rob.jpg>

Package caption Warning: The option `hypcap=true' will be ignored for this
(caption)                particular \caption on input line 265.
See the caption package documentation for explanation.


Underfull \vbox (badness 10000) has occurred while \output is active []

 [13 <./figures/minerva.png>]) [14 <./figures/clean_rob.jpg>]
\openout2 = `chapter3.aux'.

 (./chapter3.tex
Cap\'{\i }tulo 3.
[15



]) [16]
\openout2 = `chapter4.aux'.

 (./chapter4.tex
Cap\'{\i }tulo 4.
<figures/experiencia/exp4.png, id=546, 644.4075pt x 508.90125pt>
File: figures/experiencia/exp4.png Graphic file (type png)

<use figures/experiencia/exp4.png>
<figures/exemplo_captura_perspectiva1.png, id=547, 925.4575pt x 613.29124pt>
Underfull \vbox (badness 10000) has occurred while \output is active []

 [17



]
File: figures/exemplo_captura_perspectiva1.png Graphic file (type png)

<use figures/exemplo_captura_perspectiva1.png>
<figures/exemplo_captura_perspectiva2.png, id=552, 925.4575pt x 613.29124pt>
File: figures/exemplo_captura_perspectiva2.png Graphic file (type png)

<use figures/exemplo_captura_perspectiva2.png>

Package caption Warning: The option `hypcap=true' will be ignored for this
(caption)                particular \caption on input line 26.
See the caption package documentation for explanation.

<figures/experiencia/exp1.png, id=555, 644.4075pt x 508.90125pt>
File: figures/experiencia/exp1.png Graphic file (type png)

<use figures/experiencia/exp1.png>
<figures/experiencia/exp2.png, id=556, 644.4075pt x 508.90125pt>
File: figures/experiencia/exp2.png Graphic file (type png)

<use figures/experiencia/exp2.png>
<figures/experiencia/exp3.png, id=557, 644.4075pt x 508.90125pt>
File: figures/experiencia/exp3.png Graphic file (type png)

<use figures/experiencia/exp3.png>
File: figures/experiencia/exp4.png Graphic file (type png)
 <use figures/experiencia/exp4.png>
<figures/experiencia/exp5.png, id=558, 644.4075pt x 508.90125pt> [18 <./figures
/experiencia/exp4.png> <./figures/exemplo_captura_perspectiva1.png> <./figures/
exemplo_captura_perspectiva2.png>]
File: figures/experiencia/exp5.png Graphic file (type png)
 <use figures/experiencia/exp5.png>
<figures/experiencia/exp6.png, id=566, 644.4075pt x 508.90125pt>
File: figures/experiencia/exp6.png Graphic file (type png)

<use figures/experiencia/exp6.png>
<figures/experiencia/exp7.png, id=567, 644.4075pt x 508.90125pt>
File: figures/experiencia/exp7.png Graphic file (type png)

<use figures/experiencia/exp7.png>
<figures/experiencia/exp8.png, id=568, 644.4075pt x 508.90125pt>
File: figures/experiencia/exp8.png Graphic file (type png)

<use figures/experiencia/exp8.png>

Package caption Warning: The option `hypcap=true' will be ignored for this
(caption)                particular \caption on input line 70.
See the caption package documentation for explanation.

<figures/experiencia/chart_1.png, id=572, 602.25pt x 372.39125pt>
File: figures/experiencia/chart_1.png Graphic file (type png)

<use figures/experiencia/chart_1.png>
<figures/experiencia/chart_2.png, id=573, 602.25pt x 372.39125pt>
File: figures/experiencia/chart_2.png Graphic file (type png)

<use figures/experiencia/chart_2.png>
<figures/experiencia/chart_3.png, id=574, 602.25pt x 372.39125pt>
File: figures/experiencia/chart_3.png Graphic file (type png)

<use figures/experiencia/chart_3.png>
<figures/experiencia/chart_4.png, id=575, 602.25pt x 372.39125pt>
File: figures/experiencia/chart_4.png Graphic file (type png)

<use figures/experiencia/chart_4.png>
<figures/experiencia/chart_5.png, id=576, 602.25pt x 372.39125pt>
File: figures/experiencia/chart_5.png Graphic file (type png)

<use figures/experiencia/chart_5.png>
<figures/experiencia/chart_6.png, id=577, 602.25pt x 372.39125pt>
File: figures/experiencia/chart_6.png Graphic file (type png)

<use figures/experiencia/chart_6.png>
<figures/experiencia/chart_7.png, id=578, 602.25pt x 372.39125pt>
File: figures/experiencia/chart_7.png Graphic file (type png)

<use figures/experiencia/chart_7.png>
<figures/experiencia/chart_8.png, id=579, 602.25pt x 372.39125pt>
File: figures/experiencia/chart_8.png Graphic file (type png)

<use figures/experiencia/chart_8.png>

LaTeX Warning: `!h' float specifier changed to `!ht'.


Overfull \hbox (37.83951pt too wide) in paragraph at lines 201--223
 [] 
 []


LaTeX Warning: `!h' float specifier changed to `!ht'.


LaTeX Warning: `!h' float specifier changed to `!ht'.


LaTeX Warning: `!h' float specifier changed to `!ht'.

[19 <./figures/experiencia/exp1.png> <./figures/experiencia/exp2.png> <./figure
s/experiencia/exp3.png> <./figures/experiencia/exp5.png> <./figures/experiencia
/exp6.png> <./figures/experiencia/exp7.png> <./figures/experiencia/exp8.png>]
[20 <./figures/experiencia/chart_1.png (PNG copy)> <./figures/experiencia/chart
_2.png (PNG copy)>] [21 <./figures/experiencia/chart_3.png (PNG copy)> <./figur
es/experiencia/chart_4.png (PNG copy)>] [22 <./figures/experiencia/chart_5.png 
(PNG copy)> <./figures/experiencia/chart_6.png (PNG copy)>] [23 <./figures/expe
riencia/chart_7.png (PNG copy)> <./figures/experiencia/chart_8.png (PNG copy)>]
<figures/experiencia/pos_chart_exp1.png, id=612, 482.80376pt x 290.08376pt>
File: figures/experiencia/pos_chart_exp1.png Graphic file (type png)

<use figures/experiencia/pos_chart_exp1.png>
<figures/experiencia/pos_chart_exp2.png, id=613, 482.80376pt x 290.08376pt>
File: figures/experiencia/pos_chart_exp2.png Graphic file (type png)

<use figures/experiencia/pos_chart_exp2.png>
<figures/experiencia/pos_chart_exp3.png, id=614, 482.80376pt x 290.08376pt>
File: figures/experiencia/pos_chart_exp3.png Graphic file (type png)

<use figures/experiencia/pos_chart_exp3.png>
<figures/experiencia/pos_chart_exp4.png, id=615, 482.80376pt x 290.08376pt>
File: figures/experiencia/pos_chart_exp4.png Graphic file (type png)

<use figures/experiencia/pos_chart_exp4.png>
<figures/experiencia/pos_chart_exp5.png, id=616, 482.80376pt x 290.08376pt>
File: figures/experiencia/pos_chart_exp5.png Graphic file (type png)

<use figures/experiencia/pos_chart_exp5.png>
<figures/experiencia/pos_chart_exp6.png, id=617, 482.80376pt x 290.08376pt>
File: figures/experiencia/pos_chart_exp6.png Graphic file (type png)

<use figures/experiencia/pos_chart_exp6.png>
<figures/experiencia/pos_chart_exp7.png, id=618, 482.80376pt x 290.08376pt>
File: figures/experiencia/pos_chart_exp7.png Graphic file (type png)

<use figures/experiencia/pos_chart_exp7.png>
<figures/experiencia/pos_chart_exp8.png, id=619, 482.80376pt x 290.08376pt>
File: figures/experiencia/pos_chart_exp8.png Graphic file (type png)

<use figures/experiencia/pos_chart_exp8.png> [24] [25 <./figures/experiencia/po
s_chart_exp1.png (PNG copy)> <./figures/experiencia/pos_chart_exp2.png (PNG cop
y)>] [26 <./figures/experiencia/pos_chart_exp3.png (PNG copy)> <./figures/exper
iencia/pos_chart_exp4.png (PNG copy)>] [27 <./figures/experiencia/pos_chart_exp
5.png (PNG copy)> <./figures/experiencia/pos_chart_exp6.png (PNG copy)>]
[28 <./figures/experiencia/pos_chart_exp7.png (PNG copy)> <./figures/experienci
a/pos_chart_exp8.png (PNG copy)>] [29] [30]
<figures/mesa1_1.png, id=651, 536.0025pt x 435.6275pt>
File: figures/mesa1_1.png Graphic file (type png)

<use figures/mesa1_1.png> [31 <./figures/mesa1_1.png>]
<figures/processo_identificacao.png, id=659, 967.615pt x 1628.0825pt>
File: figures/processo_identificacao.png Graphic file (type png)

<use figures/processo_identificacao.png> [32]
Underfull \vbox (badness 10000) has occurred while \output is active []

 [33 <./figures/processo_identificacao.png>]
LaTeX Font Info:    Try loading font information for T1+pcrs on input line 449.


(/usr/share/texmf-texlive/tex/latex/courier-scaled/t1pcrs.fd
File: t1pcrs.fd 2004/07/09 scalable font definitions for T1/pcrs.
)
LaTeX Font Info:    Font shape `T1/pcrs/m/n' will be
(Font)              scaled to size 11.39996pt on input line 449.

Overfull \hbox (24.6474pt too wide) in paragraph at lines 478--478
[]\T1/pcrs/m/n/12 <top shape="round" large_dimension="0.89" small_dimension="0.
89"/>[] 
 []


Overfull \hbox (24.6474pt too wide) in paragraph at lines 478--478
[]\T1/pcrs/m/n/12 <top shape="squared" large_dimension="1.0" small_dimension="1
.0"/>[] 
 []


Overfull \hbox (24.6474pt too wide) in paragraph at lines 478--478
[]\T1/pcrs/m/n/12 <top shape="squared" large_dimension="1.0" small_dimension="1
.0"/>[] 
 []


Overfull \hbox (24.6474pt too wide) in paragraph at lines 478--478
[]\T1/pcrs/m/n/12 <top shape="squared" large_dimension="2.0" small_dimension="1
.5"/>[] 
 []


Overfull \hbox (10.96744pt too wide) in paragraph at lines 478--478
[]\T1/pcrs/m/n/12 <top shape="round" large_dimension="1.5" small_dimension="1.5
"/>[] 
 []

<figures/exemplo_captura.png, id=675, 621.32124pt x 486.81876pt>
File: figures/exemplo_captura.png Graphic file (type png)

<use figures/exemplo_captura.png>
<figures/mesa2.png, id=677, 631.35875pt x 498.86375pt>
File: figures/mesa2.png Graphic file (type png)
 <use figures/mesa2.png>
<figures/mesa3.png, id=679, 687.56876pt x 412.54124pt>
File: figures/mesa3.png Graphic file (type png)
 <use figures/mesa3.png>
[34] [35 <./figures/exemplo_captura.png>]
File: figures/mesa1_1.png Graphic file (type png)
 <use figures/mesa1_1.png>
<figures/mesa1_2.png, id=691, 468.75125pt x 421.575pt>
File: figures/mesa1_2.png Graphic file (type png)

<use figures/mesa1_2.png>
<figures/mesa1_3.png, id=692, 427.5975pt x 418.56375pt>
File: figures/mesa1_3.png Graphic file (type png)

<use figures/mesa1_3.png> [36 <./figures/mesa2.png>]
<figures/mesa2_1.png, id=698, 420.57124pt x 422.57875pt>
File: figures/mesa2_1.png Graphic file (type png)

<use figures/mesa2_1.png> <figures/mesa2_2.png, id=699, 501.875pt x 421.575pt>
File: figures/mesa2_2.png Graphic file (type png)

<use figures/mesa2_2.png>
<figures/mesa2_3.png, id=700, 478.78876pt x 431.6125pt>
File: figures/mesa2_3.png Graphic file (type png)

<use figures/mesa2_3.png>
<figures/mesa3_1.png, id=702, 440.64626pt x 408.52625pt>
File: figures/mesa3_1.png Graphic file (type png)

<use figures/mesa3_1.png>
<figures/mesa3_2.png, id=703, 440.64626pt x 410.53375pt>
File: figures/mesa3_2.png Graphic file (type png)

<use figures/mesa3_2.png> <figures/mesa3_3.png, id=704, 433.62pt x 417.56pt>
File: figures/mesa3_3.png Graphic file (type png)

<use figures/mesa3_3.png>
Underfull \vbox (badness 10000) has occurred while \output is active []

 [37 <./figures/mesa3.png> <./figures/mesa1_2.png> <./figures/mesa1_3.png>] [38
 <./figures/mesa2_1.png> <./figures/mesa2_2.png> <./figures/mesa2_3.png>]) [39 
<./figures/mesa3_1.png> <./figures/mesa3_2.png> <./figures/mesa3_3.png>] [40]
\openout2 = `chapter5.aux'.


(./chapter5.tex
Cap\'{\i }tulo 5.

Underfull \vbox (badness 10000) has occurred while \output is active []

 [41



])
[42] (./mieic.bbl [43



]) [44]
No file mieic.ind.
(./mieic.aux (./abstract.aux) (./abbrevs.aux) (./chapter1.aux) (./chapter2.aux)
(./chapter3.aux) (./chapter4.aux) (./chapter5.aux)) ) 
Here is how much of TeX's memory you used:
 7880 strings out of 493848
 115595 string characters out of 1152824
 211816 words of memory out of 3000000
 10655 multiletter control sequences out of 15000+50000
 78379 words of font info for 115 fonts, out of 3000000 for 9000
 714 hyphenation exceptions out of 8191
 45i,12n,46p,882b,502s stack positions out of 5000i,500n,10000p,200000b,50000s
{/usr/share/texmf-texlive/
fonts/enc/dvips/base/8r.enc}</usr/share/texmf-texlive/fonts/type1/public/amsfon
ts/cm/cmmi10.pfb></usr/share/texmf-texlive/fonts/type1/public/amsfonts/cm/cmr10
.pfb></usr/share/texmf-texlive/fonts/type1/public/amsfonts/cm/cmsy10.pfb></usr/
share/texmf-texlive/fonts/type1/urw/courier/ucrr8a.pfb></usr/share/texmf-texliv
e/fonts/type1/urw/symbol/usyr.pfb></usr/share/texmf-texlive/fonts/type1/urw/sym
bol/usyr.pfb></usr/share/texmf-texlive/fonts/type1/urw/times/utmb8a.pfb></usr/s
hare/texmf-texlive/fonts/type1/urw/times/utmr8a.pfb></usr/share/texmf-texlive/f
onts/type1/urw/times/utmri8a.pfb>
Output written on mieic.pdf (60 pages, 8886078 bytes).
PDF statistics:
 822 PDF objects out of 1000 (max. 8388607)
 185 named destinations out of 1000 (max. 500000)
 635 words of extra memory for PDF output out of 10000 (max. 10000000)

